 PATH  FOUND 
SVG scale factor = 1.000000
SVG offset = 0.000000,0.000000
POLYGON  0)
ERROR

	raw = 101.16,0.44	coord = 101.16,0.44
	raw = 0.00,0.88	coord = 101.16,1.32
	raw = 0.00,1.32	coord = 101.16,2.64
	raw = 0.00,3.89	coord = 101.16,6.53
	raw = 0.00,7.79	coord = 101.16,14.32
	raw = 0.00,11.68	coord = 101.16,26.00
	raw = 0.00,1.48	coord = 101.16,27.47
	raw = 1.25,1.39	coord = 102.41,28.86
	raw = 2.42,1.43	coord = 104.83,30.29
	raw = 4.16,0.13	coord = 108.98,30.42
	raw = 9.98,0.27	coord = 118.96,30.70
	raw = 13.33,0.75	coord = 132.28,31.45
	raw = 3.18,0.46	coord = 135.46,31.91
	raw = 4.66,2.34	coord = 140.13,34.25
	raw = 6.83,5.05	coord = 146.95,39.30
	raw = 1.65,2.06	coord = 148.60,41.36
	raw = 3.10,4.30	coord = 151.70,45.66
	raw = 4.53,6.47	coord = 156.23,52.13
	raw = 1.12,1.70	coord = 157.34,53.83
	raw = 1.02,2.05	coord = 158.36,55.88
	raw = 2.99,1.74	coord = 161.35,57.62
	raw = -1.22,-0.09	coord = 160.13,57.53
	raw = 0.65,-0.74	coord = 160.78,56.79
	raw = 0.63,-1.95	coord = 161.41,54.84
	raw = -0.04,-2.34	coord = 161.37,52.50
	raw = -0.57,-5.50	coord = 160.80,47.00
	raw = 0.51,-7.09	coord = 161.31,39.91
	raw = 1.08,-1.58	coord = 162.39,38.33
	raw = 3.81,-1.72	coord = 166.19,36.60
	raw = 5.03,-0.24	coord = 171.22,36.36
	raw = 0.31,0.38	coord = 171.53,36.74
	raw = 0.53,0.87	coord = 172.06,37.61
	raw = 0.69,1.52	coord = 172.76,39.13
	raw = 0.40,1.58	coord = 173.16,40.72
	raw = 0.69,0.98	coord = 173.85,41.69
	raw = 2.01,1.10	coord = 175.86,42.79
	raw = 1.03,0.10	coord = 176.90,42.89
	raw = 1.44,1.26	coord = 178.33,44.15
	raw = 0.09,1.99	coord = 178.42,46.14
	raw = -0.16,0.09	coord = 178.26,46.22
	raw = -0.35,0.17	coord = 177.92,46.39
	raw = -0.56,0.24	coord = 177.36,46.63
	raw = -1.02,0.17	coord = 176.34,46.80
	raw = -0.42,1.16	coord = 175.92,47.96
	raw = 1.07,0.73	coord = 176.99,48.68
	raw = 2.50,-0.72	coord = 179.49,47.97
	raw = 4.82,-3.79	coord = 184.31,44.18
	raw = 5.99,-5.97	coord = 190.30,38.21
	raw = 1.82,-3.37	coord = 192.12,34.83
	raw = 3.27,-8.91	coord = 195.39,25.92
	raw = 3.40,-12.84	coord = 198.79,13.09
	raw = 0.07,-2.21	coord = 198.86,10.88
	raw = -0.39,-4.07	coord = 198.48,6.81
	raw = -1.74,-6.40	coord = 196.74,0.41
	raw = -0.26,-0.44	coord = 196.48,-0.03
	raw = -0.34,-0.92	coord = 196.14,-0.96
	raw = 0.23,-1.34	coord = 196.36,-2.30
	raw = 0.08,-0.03	coord = 196.45,-2.33
	raw = 0.17,-0.06	coord = 196.62,-2.38
	raw = 0.25,-0.08	coord = 196.87,-2.47
	raw = 0.61,-0.19	coord = 197.48,-2.66
	raw = 1.18,-0.33	coord = 198.67,-2.99
	raw = 1.37,-1.28	coord = 200.04,-4.27
	raw = 0.07,-0.35	coord = 200.10,-4.62
	raw = -0.00,-0.71	coord = 200.10,-5.33
	raw = -0.19,-1.07	coord = 199.91,-6.40
	raw = -0.36,-0.69	coord = 199.55,-7.09
	raw = -1.05,-1.12	coord = 198.50,-8.21
	raw = -1.70,-1.50	coord = 196.81,-9.71
	raw = -2.34,-1.38	coord = 194.46,-11.09
	raw = -4.51,-2.53	coord = 189.95,-13.61
	raw = -7.07,-3.78	coord = 182.88,-17.40
	raw = -5.24,-2.28	coord = 177.64,-19.68
	raw = -8.49,-3.52	coord = 169.14,-23.19
	raw = -14.23,-3.77	coord = 154.92,-26.96
	raw = -1.37,-0.06	coord = 153.55,-27.02
	raw = -2.64,-0.15	coord = 150.91,-27.17
	raw = -2.64,1.31	coord = 148.27,-25.86
	raw = 0.00,1.80	coord = 148.27,-24.06
	raw = 0.00,3.60	coord = 148.27,-20.46
	raw = 0.00,5.40	coord = 148.27,-15.06
	raw = 0.00,2.78	coord = 148.27,-12.28
	raw = -3.50,2.51	coord = 144.77,-9.77
	raw = -3.50,-0.43	coord = 141.26,-10.21
	raw = 0.00,-1.83	coord = 141.26,-12.04
	raw = 0.00,-3.67	coord = 141.26,-15.71
	raw = 0.00,-5.50	coord = 141.26,-21.21
	raw = 0.00,-1.31	coord = 141.26,-22.52
	raw = -0.28,-1.70	coord = 140.99,-24.22
	raw = -1.55,-1.72	coord = 139.43,-25.94
	raw = -6.53,-0.09	coord = 132.90,-26.02
	raw = -17.42,4.42	coord = 115.48,-21.60
	raw = -22.84,7.47	coord = 92.64,-14.13
	raw = -1.46,0.82	coord = 91.18,-13.31
	raw = -6.24,3.56	coord = 84.94,-9.74
	raw = -6.75,5.06	coord = 78.19,-4.68
	raw = -0.40,1.17	coord = 77.80,-3.51
	raw = 0.58,2.16	coord = 78.38,-1.36
	raw = 2.36,1.91	coord = 80.74,0.56
	raw = 0.66,-0.09	coord = 81.40,0.47
	raw = 1.21,0.12	coord = 82.61,0.59
	raw = 1.21,1.01	coord = 83.82,1.60
End polygon at 101.16,0.44


Object origin:
61.152900 42.397550

Eagle Command:
set wire_bend 2;
change layer tDocu;
set width 0.000500;
poly (R -37.787000 14.783550) (R -37.787000 13.903550) (R -37.787000 12.583550) (R -37.787000 8.690850) (R -37.787000 0.905450) (R -37.787000 -10.772550) (R -37.787000 -12.247950) (R -36.541500 -13.639250) (R -34.125600 -15.067550) (R -29.969800 -15.199150) (R -19.993900 -15.472450) (R -6.666600 -16.227050) (R -3.488600 -16.683350) (R 1.175700 -19.026750) (R 8.003700 -24.075350) (R 9.650100 -26.133650) (R 12.746900 -30.436350) (R 17.276000 -36.911050) (R 18.393700 -38.606050) (R 19.410000 -40.655150) (R 22.396400 -42.397550) (R 21.176500 -42.306150) (R 21.828500 -41.563750) (R 22.459600 -39.618450) (R 22.418900 -37.276750) (R 21.846300 -31.776950) (R 22.355700 -24.688550) (R 23.434400 -23.104950) (R 27.243100 -21.380450) (R 32.270700 -21.136250) (R 32.583600 -21.516250) (R 33.113000 -22.389550) (R 33.807000 -23.910450) (R 34.209300 -25.494150) (R 34.903700 -26.469450) (R 36.912300 -27.569450) (R 37.944500 -27.667350) (R 39.382600 -28.926650) (R 39.473800 -30.912450) (R 39.313200 -30.999150) (R 38.967000 -31.166250) (R 38.408400 -31.405150) (R 37.390400 -31.573250) (R 36.966800 -32.731450) (R 38.040300 -33.460950) (R 40.541400 -32.744650) (R 45.359500 -28.954850) (R 51.351900 -22.985650) (R 53.170300 -19.611050) (R 56.442800 -10.698550) (R 59.840700 2.137350) (R 59.911300 4.344150) (R 59.525900 8.416050) (R 57.784600 14.816850) (R 57.528000 15.257550) (R 57.184500 16.180250) (R 57.413000 17.521150) (R 57.497300 17.551250) (R 57.665900 17.608350) (R 57.917900 17.691550) (R 58.531900 17.882950) (R 59.716400 18.213550) (R 61.085900 19.498350) (R 61.152900 19.843750) (R 61.149000 20.558350) (R 60.960200 21.626550) (R 60.599400 22.316450) (R 59.553700 23.432350) (R 57.856200 24.931950) (R 55.513300 26.311250) (R 50.999800 28.836550) (R 43.925500 32.618950) (R 38.686900 34.900950) (R 30.192600 38.416150) (R 15.966700 42.184550) (R 14.595300 42.244950) (R 11.957500 42.397550) (R 9.319700 41.087550) (R 9.319700 39.287450) (R 9.319700 35.687250) (R 9.319700 30.286950) (R 9.319700 27.508050) (R 5.816800 24.996950) (R 2.313900 25.431750) (R 2.313900 27.265550) (R 2.313900 30.933050) (R 2.313900 36.434350) (R 2.313900 37.741750) (R 2.035600 39.441850) (R 0.480900 41.159150) (R -6.047100 41.247750) (R -23.468400 36.824750) (R -46.309400 29.354450) (R -47.772100 28.532150) (R -54.012400 24.967750) (R -60.757400 19.908250) (R -61.152900 18.736650) (R -60.568500 16.579050) (R -58.210400 14.666350) (R -57.550500 14.757450) (R -56.338400 14.635650) (R -55.126300 13.625550) (R -37.787000 14.783550);

